<?xml version="1.0" encoding="UTF-8"?>
<!-- Generated by org.testng.reporters.JUnitXMLReporter -->
<testsuite ignored="1" hostname="LAPTOP-R379FAK2" failures="0" tests="1" name="Default test" time="107.152" errors="0" timestamp="2023-04-24T16:38:22 IST">
  <testcase classname="com.BestBuy.Tests.SearchTest" name="searchAndAddToCart" time="107.089"/>
  <testcase classname="com.BestBuy.Tests.EcomLoginTest" name="signIn" time="0.0">
    <ignored/>
  </testcase> <!-- signIn -->
</testsuite> <!-- Default test -->
