<?xml version="1.0" encoding="UTF-8"?>
<!-- Generated by org.testng.reporters.JUnitXMLReporter -->
<testsuite ignored="0" hostname="LAPTOP-R379FAK2" failures="0" tests="9" name="Test" time="1127.931" errors="0" timestamp="2023-04-24T18:28:18 IST">
  <testcase classname="com.BestBuy.Tests.Launh_BrokenLink" name="link" time="14.124"/>
  <testcase classname="com.BestBuy.Tests.EcomSignupTest" name="signUp" time="93.599"/>
  <testcase classname="com.BestBuy.Tests.EcomLoginTest" name="signIn" time="62.352"/>
  <testcase classname="com.BestBuy.Tests.MenuTitleTest" name="title" time="149.992"/>
  <testcase classname="com.BestBuy.Tests.BottomLinkTest" name="signIn" time="129.722"/>
  <testcase classname="com.BestBuy.Tests.SearchTest" name="searchAndAddToCart" time="99.44"/>
  <testcase classname="com.BestBuy.Tests.DepartmentAddCartTest" name="addToCartByDepatment" time="136.644"/>
  <testcase classname="com.BestBuy.Tests.BrandAddCartTest" name="brandCart" time="117.756"/>
  <testcase classname="com.BestBuy.Tests.PaymentValidationTest" name="dummyPayment" time="324.25"/>
</testsuite> <!-- Test -->
