<?xml version="1.0" encoding="UTF-8"?>
<testng-results ignored="0" total="1" passed="1" failed="0" skipped="0">
  <reporter-output>
  </reporter-output>
  <suite started-at="2023-04-20T09:56:06 IST" name="Default suite" finished-at="2023-04-20T09:56:32 IST" duration-ms="25781">
    <groups>
    </groups>
    <test started-at="2023-04-20T09:56:06 IST" name="Default test" finished-at="2023-04-20T09:56:32 IST" duration-ms="25781">
      <class name="com.BestBuy.Tests.BrandAddCartTest">
        <test-method signature="brandCart()[pri:0, instance:com.BestBuy.Tests.BrandAddCartTest@15ff3e9e]" started-at="2023-04-20T09:56:06 IST" name="brandCart" finished-at="2023-04-20T09:56:32 IST" duration-ms="25728" status="PASS">
          <reporter-output>
          </reporter-output>
        </test-method> <!-- brandCart -->
      </class> <!-- com.BestBuy.Tests.BrandAddCartTest -->
    </test> <!-- Default test -->
  </suite> <!-- Default suite -->
</testng-results>
