<?xml version="1.0" encoding="UTF-8"?>
<testng-results ignored="0" total="9" passed="9" failed="0" skipped="0">
  <reporter-output>
  </reporter-output>
  <suite started-at="2023-04-24T18:09:30 IST" name="Suite" finished-at="2023-04-24T18:28:18 IST" duration-ms="1127931">
    <groups>
    </groups>
    <test started-at="2023-04-24T18:09:30 IST" name="Test" finished-at="2023-04-24T18:28:18 IST" duration-ms="1127931">
      <class name="com.BestBuy.Tests.EcomSignupTest">
        <test-method signature="signUp()[pri:-2, instance:com.BestBuy.Tests.EcomSignupTest@49139829]" started-at="2023-04-24T18:09:45 IST" name="signUp" finished-at="2023-04-24T18:11:18 IST" duration-ms="93599" status="PASS">
          <reporter-output>
          </reporter-output>
        </test-method> <!-- signUp -->
      </class> <!-- com.BestBuy.Tests.EcomSignupTest -->
      <class name="com.BestBuy.Tests.PaymentValidationTest">
        <test-method signature="dummyPayment()[pri:5, instance:com.BestBuy.Tests.PaymentValidationTest@67c27493]" started-at="2023-04-24T18:22:54 IST" name="dummyPayment" finished-at="2023-04-24T18:28:18 IST" duration-ms="324250" status="PASS">
          <reporter-output>
          </reporter-output>
        </test-method> <!-- dummyPayment -->
      </class> <!-- com.BestBuy.Tests.PaymentValidationTest -->
      <class name="com.BestBuy.Tests.DepartmentAddCartTest">
        <test-method signature="addToCartByDepatment()[pri:3, instance:com.BestBuy.Tests.DepartmentAddCartTest@59662a0b]" started-at="2023-04-24T18:18:40 IST" name="addToCartByDepatment" finished-at="2023-04-24T18:20:56 IST" duration-ms="136644" status="PASS">
          <reporter-output>
          </reporter-output>
        </test-method> <!-- addToCartByDepatment -->
      </class> <!-- com.BestBuy.Tests.DepartmentAddCartTest -->
      <class name="com.BestBuy.Tests.BrandAddCartTest">
        <test-method signature="brandCart()[pri:4, instance:com.BestBuy.Tests.BrandAddCartTest@77fbd92c]" started-at="2023-04-24T18:20:56 IST" name="brandCart" finished-at="2023-04-24T18:22:54 IST" duration-ms="117756" status="PASS">
          <reporter-output>
          </reporter-output>
        </test-method> <!-- brandCart -->
      </class> <!-- com.BestBuy.Tests.BrandAddCartTest -->
      <class name="com.BestBuy.Tests.EcomLoginTest">
        <test-method signature="signIn()[pri:-1, instance:com.BestBuy.Tests.EcomLoginTest@9597028]" started-at="2023-04-24T18:11:18 IST" name="signIn" finished-at="2023-04-24T18:12:21 IST" duration-ms="62352" status="PASS">
          <reporter-output>
          </reporter-output>
        </test-method> <!-- signIn -->
      </class> <!-- com.BestBuy.Tests.EcomLoginTest -->
      <class name="com.BestBuy.Tests.MenuTitleTest">
        <test-method signature="title()[pri:0, instance:com.BestBuy.Tests.MenuTitleTest@6069db50]" started-at="2023-04-24T18:12:21 IST" name="title" finished-at="2023-04-24T18:14:51 IST" duration-ms="149992" status="PASS">
          <reporter-output>
          </reporter-output>
        </test-method> <!-- title -->
      </class> <!-- com.BestBuy.Tests.MenuTitleTest -->
      <class name="com.BestBuy.Tests.SearchTest">
        <test-method signature="searchAndAddToCart()[pri:2, instance:com.BestBuy.Tests.SearchTest@1b7cc17c]" started-at="2023-04-24T18:17:00 IST" name="searchAndAddToCart" finished-at="2023-04-24T18:18:40 IST" duration-ms="99440" status="PASS">
          <reporter-output>
          </reporter-output>
        </test-method> <!-- searchAndAddToCart -->
      </class> <!-- com.BestBuy.Tests.SearchTest -->
      <class name="com.BestBuy.Tests.BottomLinkTest">
        <test-method signature="signIn()[pri:1, instance:com.BestBuy.Tests.BottomLinkTest@4efbca5a]" started-at="2023-04-24T18:14:51 IST" name="signIn" finished-at="2023-04-24T18:17:00 IST" duration-ms="129722" status="PASS">
          <reporter-output>
          </reporter-output>
        </test-method> <!-- signIn -->
      </class> <!-- com.BestBuy.Tests.BottomLinkTest -->
      <class name="com.BestBuy.Tests.Launh_BrokenLink">
        <test-method signature="link()[pri:-3, instance:com.BestBuy.Tests.Launh_BrokenLink@223191a6]" started-at="2023-04-24T18:09:30 IST" name="link" finished-at="2023-04-24T18:09:45 IST" duration-ms="14124" status="PASS">
          <reporter-output>
          </reporter-output>
        </test-method> <!-- link -->
      </class> <!-- com.BestBuy.Tests.Launh_BrokenLink -->
      <class name="com.BestBuy.Utils.Reports">
        <test-method is-config="true" signature="startReport()[pri:0, instance:com.BestBuy.Utils.Reports@16d04d3d]" started-at="2023-04-24T18:09:30 IST" name="startReport" finished-at="2023-04-24T18:09:30 IST" duration-ms="327" status="PASS">
          <reporter-output>
          </reporter-output>
        </test-method> <!-- startReport -->
        <test-method is-config="true" signature="endReport()[pri:0, instance:com.BestBuy.Utils.Reports@16d04d3d]" started-at="2023-04-24T18:28:18 IST" name="endReport" finished-at="2023-04-24T18:28:19 IST" duration-ms="1091" status="PASS">
          <reporter-output>
          </reporter-output>
        </test-method> <!-- endReport -->
      </class> <!-- com.BestBuy.Utils.Reports -->
    </test> <!-- Test -->
  </suite> <!-- Suite -->
</testng-results>
